0 info it worked if it ends with ok
1 verbose cli [ '/usr/bin/nodejs', '/usr/bin/npm', 'install', 'random-number' ]
2 info using npm@1.3.10
3 info using node@v0.10.25
4 verbose readDependencies using package.json deps
5 verbose cache add [ 'random-number', null ]
6 verbose cache add name=undefined spec="random-number" args=["random-number",null]
7 verbose parsed url { protocol: null,
7 verbose parsed url   slashes: null,
7 verbose parsed url   auth: null,
7 verbose parsed url   host: null,
7 verbose parsed url   port: null,
7 verbose parsed url   hostname: null,
7 verbose parsed url   hash: null,
7 verbose parsed url   search: null,
7 verbose parsed url   query: null,
7 verbose parsed url   pathname: 'random-number',
7 verbose parsed url   path: 'random-number',
7 verbose parsed url   href: 'random-number' }
8 silly lockFile d9b1516f-random-number random-number
9 verbose lock random-number /home/ubuntu/.npm/d9b1516f-random-number.lock
10 silly lockFile d9b1516f-random-number random-number
11 silly lockFile d9b1516f-random-number random-number
12 verbose addNamed [ 'random-number', '' ]
13 verbose addNamed [ null, '*' ]
14 silly lockFile 03a311a1-random-number random-number@
15 verbose lock random-number@ /home/ubuntu/.npm/03a311a1-random-number.lock
16 silly addNameRange { name: 'random-number', range: '*', hasData: false }
17 verbose url raw random-number
18 verbose url resolving [ 'https://registry.npmjs.org/', './random-number' ]
19 verbose url resolved https://registry.npmjs.org/random-number
20 info trying registry request attempt 1 at 06:16:54
21 http GET https://registry.npmjs.org/random-number
22 info retry will retry, error on last attempt: Error: getaddrinfo ENOTFOUND
23 info trying registry request attempt 2 at 06:17:04
24 http GET https://registry.npmjs.org/random-number
25 info retry will retry, error on last attempt: Error: getaddrinfo ENOTFOUND
26 info trying registry request attempt 3 at 06:18:04
27 http GET https://registry.npmjs.org/random-number
28 silly lockFile 03a311a1-random-number random-number@
29 silly lockFile 03a311a1-random-number random-number@
30 error network getaddrinfo ENOTFOUND
30 error network This is most likely not a problem with npm itself
30 error network and is related to network connectivity.
30 error network In most cases you are behind a proxy or have bad network settings.
30 error network
30 error network If you are behind a proxy, please make sure that the
30 error network 'proxy' config is set properly.  See: 'npm help config'
31 error System Linux 3.13.0-24-generic
32 error command "/usr/bin/nodejs" "/usr/bin/npm" "install" "random-number"
33 error cwd /home/ubuntu/telegram-server
34 error node -v v0.10.25
35 error npm -v 1.3.10
36 error syscall getaddrinfo
37 error code ENOTFOUND
38 error errno ENOTFOUND
39 verbose exit [ 1, true ]
